#
# A fatal error has been detected by the Java Runtime Environment:
#
#  EXCEPTION_ACCESS_VIOLATION (0xc0000005) at pc=0x00007ffa809e989c, pid=24128, tid=7416
#
# JRE version: OpenJDK Runtime Environment (20.0.2+9) (build 20.0.2+9-78)
# Java VM: OpenJDK 64-Bit Server VM (20.0.2+9-78, mixed mode, sharing, tiered, compressed oops, compressed class ptrs, g1 gc, windows-amd64)
# Problematic frame:
# C  [ig11icd64.dll+0x5f989c]
#
# No core dump will be written. Minidumps are not enabled by default on client versions of Windows
#
# If you would like to submit a bug report, please visit:
#   https://bugreport.java.com/bugreport/crash.jsp
#

---------------  S U M M A R Y ------------

Command Line: -javaagent:C:\Program Files\JetBrains\IntelliJ IDEA 2023.2.2\lib\idea_rt.jar=61558:C:\Program Files\JetBrains\IntelliJ IDEA 2023.2.2\bin -Dfile.encoding=UTF-8 -Dsun.stdout.encoding=UTF-8 -Dsun.stderr.encoding=UTF-8 ENNL.Main

Host: Intel(R) Core(TM) i7-1065G7 CPU @ 1.30GHz, 8 cores, 31G,  Windows 11 , 64 bit Build 22621 (10.0.22621.3374)
Time: Wed Apr 17 11:01:38 2024 Mitteleuropäische Sommerzeit elapsed time: 18.098921 seconds (0d 0h 0m 18s)

---------------  T H R E A D  ---------------

Current thread (0x0000022dfb5e2e20):  VMThread "VM Thread" [stack: 0x0000007bdc400000,0x0000007bdc500000] [id=7416]

Stack: [0x0000007bdc400000,0x0000007bdc500000],  sp=0x0000007bdc4fe9e0,  free space=1018k
Native frames: (J=compiled Java code, j=interpreted, Vv=VM code, C=native code)
C  [ig11icd64.dll+0x5f989c]


siginfo: EXCEPTION_ACCESS_VIOLATION (0xc0000005), reading address 0x0000000000035788


Registers:
RAX=0x0000022ddc787fe8, RBX=0x0000022ddc787ee0, RCX=0x0000000000000000, RDX=0x0000022dd83bce80
RSP=0x0000007bdc4fe9e0, RBP=0x0000022dea1e0ca0, RSI=0x0000022ddc7884b0, RDI=0x0000022dd81eb460
R8 =0x0000000000000014, R9 =0x0000022ddc787fe8, R10=0x0000000000000000, R11=0x0000000000000246
R12=0x0000022ddc677100, R13=0x0000000000000000, R14=0x0000000000000000, R15=0x0000000000000000
RIP=0x00007ffa809e989c, EFLAGS=0x0000000000010206


Register to memory mapping:

RIP=0x00007ffa809e989c ig11icd64.dll
RAX=0x0000022ddc787fe8 points into unknown readable memory: 0x00000000000020dd | dd 20 00 00 00 00 00 00
RBX=0x0000022ddc787ee0 points into unknown readable memory: 0x0000022ddc5a0130 | 30 01 5a dc 2d 02 00 00
RCX=0x0 is NULL
RDX=0x0000022dd83bce80 points into unknown readable memory: 0x0000000000000000 | 00 00 00 00 00 00 00 00
RSP=0x0000007bdc4fe9e0 points into unknown readable memory: 0x0000022ddc587670 | 70 76 58 dc 2d 02 00 00
RBP=0x0000022dea1e0ca0 points into unknown readable memory: 0x0000022ddc5a0130 | 30 01 5a dc 2d 02 00 00
RSI=0x0000022ddc7884b0 points into unknown readable memory: 0x0000022dea1e0ca0 | a0 0c 1e ea 2d 02 00 00
RDI=0x0000022dd81eb460 points into unknown readable memory: 0x0000000000000000 | 00 00 00 00 00 00 00 00
R8 =0x0000000000000014 is an unknown value
R9 =0x0000022ddc787fe8 points into unknown readable memory: 0x00000000000020dd | dd 20 00 00 00 00 00 00
R10=0x0 is NULL
R11=0x0000000000000246 is an unknown value
R12=0x0000022ddc677100 points into unknown readable memory: 0x0000000000000002 | 02 00 00 00 00 00 00 00
R13=0x0 is NULL
R14=0x0 is NULL
R15=0x0 is NULL


Top of Stack: (sp=0x0000007bdc4fe9e0)
0x0000007bdc4fe9e0:   0000022ddc587670 02e07d9502d44095
0x0000007bdc4fe9f0:   0000007bdc4fea28 0000005400000000
0x0000007bdc4fea00:   000000000000000e 0000000000000000
0x0000007bdc4fea10:   0000b80219600000 0000022ddc6771e0
0x0000007bdc4fea20:   0000000000000000 00007ffa809caa9d
0x0000007bdc4fea30:   0000022ddc587670 0000022dd81eb460
0x0000007bdc4fea40:   0000007bdc4feb30 00000000000020e6
0x0000007bdc4fea50:   0000007b000008d0 0256499f00000000
0x0000007bdc4fea60:   0000000000000000 02c9a79f02bd8d9f
0x0000007bdc4fea70:   02cc57a002e232a0 026ea0a102cc4ba1
0x0000007bdc4fea80:   027bd0a10272a0a1 025d06a2000605a2
0x0000007bdc4fea90:   029c58a202c821a2 021096a202ba7aa2
0x0000007bdc4feaa0:   02ca5ea3029f23a3 01dde8a30115e7a3
0x0000007bdc4feab0:   01e9aea4000258a4 021632a5022e09a5
0x0000007bdc4feac0:   028d6ba502743ca5 00cfada502ae83a5
0x0000007bdc4fead0:   02eb27a602a81ca6 00a836a700a644a6
0x0000007bdc4feae0:   0000b80219600000 00000000000008d0
0x0000007bdc4feaf0:   0000000000000000 4000034000000001
0x0000007bdc4feb00:   0000000000000000 0000000000000000
0x0000007bdc4feb10:   0000000000000000 0000000000000000
0x0000007bdc4feb20:   0000000000000000 0000000000000000
0x0000007bdc4feb30:   0000000000000000 0000000000000000
0x0000007bdc4feb40:   0000000000000000 0000000000000000
0x0000007bdc4feb50:   0000000000000000 0000000000000000
0x0000007bdc4feb60:   0000000000000000 0000000000000000
0x0000007bdc4feb70:   0000000000000000 0000000000000000
0x0000007bdc4feb80:   0000000000000000 0000000000000000
0x0000007bdc4feb90:   0000000000000000 0000000000000000
0x0000007bdc4feba0:   0000000000000000 0000000000000000
0x0000007bdc4febb0:   0000000000000000 0000000000000000
0x0000007bdc4febc0:   0000000000000000 0000000000000000
0x0000007bdc4febd0:   0000000000000000 0000000000000000 

Instructions: (pc=0x00007ffa809e989c)
0x00007ffa809e979c:   24 01 75 05 e8 83 c7 f8 ff 65 48 8b 04 25 58 00
0x00007ffa809e97ac:   00 00 41 be 20 00 00 00 48 8b 04 30 4d 8b 34 06
0x00007ffa809e97bc:   48 85 ed 0f 84 39 03 00 00 66 66 66 0f 1f 84 00
0x00007ffa809e97cc:   00 00 00 00 48 8b dd 48 8d b5 d0 05 00 00 48 8b
0x00007ffa809e97dc:   2e 45 84 ff 74 1d 48 8b 0b 48 8b d3 80 bb 28 06
0x00007ffa809e97ec:   00 00 00 0f 85 bc 02 00 00 e8 56 67 fe ff e9 be
0x00007ffa809e97fc:   02 00 00 8b 8f c8 01 00 00 4c 8d 8b 08 01 00 00
0x00007ffa809e980c:   48 8b 05 1d ba 94 00 83 b8 70 03 00 00 02 0f 85
0x00007ffa809e981c:   d6 00 00 00 83 f9 10 73 0a 48 8d 0c c9 49 8d 04
0x00007ffa809e982c:   c9 eb 5a 8d 51 f0 8b c2 c1 e8 04 83 f8 03 73 1d
0x00007ffa809e983c:   0f ae e8 83 e2 0f 4d 8b 84 c1 80 04 00 00 4d 85
0x00007ffa809e984c:   c0 74 23 48 8d 0c d2 49 8d 04 c8 eb 30 49 8b 81
0x00007ffa809e985c:   98 04 00 00 48 85 c0 74 0d 39 08 74 2b 48 8b 40
0x00007ffa809e986c:   50 48 85 c0 75 f3 41 80 b9 a0 04 00 00 00 74 1e
0x00007ffa809e987c:   8b c1 83 e0 0f 48 8d 04 c0 49 8d 04 c1 48 85 c0
0x00007ffa809e988c:   74 0c 48 8b 48 08 eb 08 48 83 c0 08 eb ef 33 c9
0x00007ffa809e989c:   49 3b 8e 88 57 03 00 76 51 48 8b 87 78 02 00 00
0x00007ffa809e98ac:   48 89 06 48 89 9f 78 02 00 00 ff 87 80 02 00 00
0x00007ffa809e98bc:   48 8b 43 08 48 8b 88 18 01 00 00 48 81 e1 00 00
0x00007ffa809e98cc:   ff ff 48 81 c1 00 00 01 00 48 01 8f 88 02 00 00
0x00007ffa809e98dc:   48 8b 43 08 48 8b 88 18 01 00 00 48 01 8f a0 02
0x00007ffa809e98ec:   00 00 41 b4 01 e9 c7 01 00 00 44 8b 9f c8 01 00
0x00007ffa809e98fc:   00 48 8b 87 e0 01 00 00 4c 8b 10 8b 8f c8 01 00
0x00007ffa809e990c:   00 83 f9 10 73 0a 48 8d 0c c9 49 8d 04 c9 eb 5a
0x00007ffa809e991c:   8d 51 f0 8b c2 c1 e8 04 83 f8 03 73 1d 0f ae e8
0x00007ffa809e992c:   83 e2 0f 4d 8b 84 c1 80 04 00 00 4d 85 c0 74 23
0x00007ffa809e993c:   48 8d 0c d2 49 8d 04 c8 eb 30 49 8b 81 98 04 00
0x00007ffa809e994c:   00 48 85 c0 74 0d 39 08 74 44 48 8b 40 50 48 85
0x00007ffa809e995c:   c0 75 f3 41 80 b9 a0 04 00 00 00 74 1c 8b c1 83
0x00007ffa809e996c:   e0 0f 48 8d 04 c0 49 8d 04 c1 48 85 c0 74 0a 4c
0x00007ffa809e997c:   39 50 08 0f 87 92 00 00 00 8b 8f c8 01 00 00 83
0x00007ffa809e998c:   f9 10 73 10 48 8d 0c c9 49 8d 04 c9 eb 64 48 83 


Stack slot to memory mapping:
stack at sp + 0 slots: 0x0000022ddc587670 points into unknown readable memory: 0xffffffffffffffff | ff ff ff ff ff ff ff ff
stack at sp + 1 slots: 0x02e07d9502d44095 is an unknown value
stack at sp + 2 slots: 0x0000007bdc4fea28 points into unknown readable memory: 0x00007ffa809caa9d | 9d aa 9c 80 fa 7f 00 00
stack at sp + 3 slots: 0x0000005400000000 is an unknown value
stack at sp + 4 slots: 0x000000000000000e is an unknown value
stack at sp + 5 slots: 0x0 is NULL
stack at sp + 6 slots: 0x0000b80219600000 is an unknown value
stack at sp + 7 slots: 0x0000022ddc6771e0 points into unknown readable memory: 0x0000000000040000 | 00 00 04 00 00 00 00 00

VM_Operation (0x0000007bdd9feed0): Exit, mode: safepoint, requested by thread 0x0000022dfb60e2b0


---------------  P R O C E S S  ---------------

Threads class SMR info:
_java_thread_list=0x0000022dea615590, length=16, elements={
0x0000022df00efce0, 0x0000022dfb604cc0, 0x0000022dfb605ed0, 0x0000022dfb609710,
0x0000022dfb60b830, 0x0000022dfb60cd70, 0x0000022dfb60d810, 0x0000022dfb61c450,
0x0000022dfb61e3f0, 0x0000022dfb60e800, 0x0000022dfb60bd80, 0x0000022dfb60dd60,
0x0000022dfb60ed50, 0x0000022dfb60c820, 0x0000022dfb60d2c0, 0x0000022dfb60e2b0
}

Java Threads: ( => current thread )
  0x0000022df00efce0 JavaThread "main" [_thread_blocked, id=22916, stack(0x0000007bdbe00000,0x0000007bdbf00000)]
  0x0000022dfb604cc0 JavaThread "Reference Handler" daemon [_thread_blocked, id=14292, stack(0x0000007bdc500000,0x0000007bdc600000)]
  0x0000022dfb605ed0 JavaThread "Finalizer" daemon [_thread_blocked, id=17228, stack(0x0000007bdc600000,0x0000007bdc700000)]
  0x0000022dfb609710 JavaThread "Signal Dispatcher" daemon [_thread_blocked, id=14668, stack(0x0000007bdc700000,0x0000007bdc800000)]
  0x0000022dfb60b830 JavaThread "Attach Listener" daemon [_thread_blocked, id=19416, stack(0x0000007bdc800000,0x0000007bdc900000)]
  0x0000022dfb60cd70 JavaThread "Service Thread" daemon [_thread_blocked, id=20488, stack(0x0000007bdc900000,0x0000007bdca00000)]
  0x0000022dfb60d810 JavaThread "Monitor Deflation Thread" daemon [_thread_blocked, id=25836, stack(0x0000007bdca00000,0x0000007bdcb00000)]
  0x0000022dfb61c450 JavaThread "C2 CompilerThread0" daemon [_thread_blocked, id=24604, stack(0x0000007bdcb00000,0x0000007bdcc00000)]
  0x0000022dfb61e3f0 JavaThread "C1 CompilerThread0" daemon [_thread_blocked, id=16420, stack(0x0000007bdcc00000,0x0000007bdcd00000)]
  0x0000022dfb60e800 JavaThread "Common-Cleaner" daemon [_thread_blocked, id=3084, stack(0x0000007bdcd00000,0x0000007bdce00000)]
  0x0000022dfb60bd80 JavaThread "Monitor Ctrl-Break" daemon [_thread_in_native, id=16068, stack(0x0000007bdce00000,0x0000007bdcf00000)]
  0x0000022dfb60dd60 JavaThread "Notification Thread" daemon [_thread_blocked, id=15440, stack(0x0000007bdcf00000,0x0000007bdd000000)]
  0x0000022dfb60ed50 JavaThread "Thread-2" daemon [_thread_in_native, id=14184, stack(0x0000007bdd800000,0x0000007bdd900000)]
  0x0000022dfb60c820 JavaThread "Java2D Disposer" daemon [_thread_blocked, id=808, stack(0x0000007bdda00000,0x0000007bddb00000)]
  0x0000022dfb60d2c0 JavaThread "LWJGL Timer" daemon [_thread_blocked, id=8360, stack(0x0000007bddb00000,0x0000007bddc00000)]
  0x0000022dfb60e2b0 JavaThread "SIGINT handler" daemon [_thread_blocked, id=14448, stack(0x0000007bdd900000,0x0000007bdda00000)]

Other Threads:
=>0x0000022dfb5e2e20 VMThread "VM Thread" [stack: 0x0000007bdc400000,0x0000007bdc500000] [id=7416]
  0x0000022df01a2010 WorkerThread "GC Thread#0" [stack: 0x0000007bdbf00000,0x0000007bdc000000] [id=20640]
  0x0000022dfb495010 ConcurrentGCThread "G1 Main Marker" terminated
  0x0000022dfb4961e0 WorkerThread "G1 Conc#0" [stack: 0x0000007bdc100000,0x0000007bdc200000] [id=13432]
  0x0000022dfb524d70 ConcurrentGCThread "G1 Refine#0" terminated
  0x0000022dfb525620 ConcurrentGCThread "G1 Service" terminated

Threads with active compile tasks:

VM state: at safepoint (shutting down)

VM Mutex/Monitor currently owned by a thread:  ([mutex/lock_event])
[0x0000022df00ec350] Threads_lock - owner thread: 0x0000022dfb5e2e20
[0x0000022df00ea6a0] Heap_lock - owner thread: 0x0000022dfb60e2b0

Heap address: 0x0000000606400000, size: 8092 MB, Compressed Oops mode: Zero based, Oop shift amount: 3

CDS archive(s) mapped at: [0x0000022d97000000-0x0000022d97c60000-0x0000022d97c60000), size 12976128, SharedBaseAddress: 0x0000022d97000000, ArchiveRelocationMode: 1.
Compressed class space mapped at: 0x0000022d98000000-0x0000022dd8000000, reserved size: 1073741824
Narrow klass base: 0x0000022d97000000, Narrow klass shift: 0, Narrow klass range: 0x100000000

GC Precious Log:
 CardTable entry size: 512
 Card Set container configuration: InlinePtr #cards 4 size 8 Array Of Cards #cards 32 size 80 Howl #buckets 8 coarsen threshold 7372 Howl Bitmap #cards 1024 size 144 coarsen threshold 921 Card regions per heap region 1 cards per card region 8192
 CPUs: 8 total, 8 available
 Memory: 32354M
 Large Page Support: Disabled
 NUMA Support: Disabled
 Compressed Oops: Enabled (Zero based)
 Heap Region Size: 4M
 Heap Min Capacity: 8M
 Heap Initial Capacity: 508M
 Heap Max Capacity: 8092M
 Pre-touch: Disabled
 Parallel Workers: 8
 Concurrent Workers: 2
 Concurrent Refinement Workers: 8
 Periodic GC: Disabled

Heap:
 garbage-first heap   total 520192K, used 16384K [0x0000000606400000, 0x0000000800000000)
  region size 4096K, 5 young (20480K), 0 survivors (0K)
 Metaspace       used 7631K, committed 7936K, reserved 1114112K
  class space    used 643K, committed 768K, reserved 1048576K

Heap Regions: E=young(eden), S=young(survivor), O=old, HS=humongous(starts), HC=humongous(continues), CS=collection set, F=free, OA=open archive, CA=closed archive, TAMS=top-at-mark-start, PB=parsable bottom
|   0|0x0000000606400000, 0x0000000606400000, 0x0000000606800000|  0%| F|  |TAMS 0x0000000606400000| PB 0x0000000606400000| Untracked 
|   1|0x0000000606800000, 0x0000000606800000, 0x0000000606c00000|  0%| F|  |TAMS 0x0000000606800000| PB 0x0000000606800000| Untracked 
|   2|0x0000000606c00000, 0x0000000606c00000, 0x0000000607000000|  0%| F|  |TAMS 0x0000000606c00000| PB 0x0000000606c00000| Untracked 
|   3|0x0000000607000000, 0x0000000607000000, 0x0000000607400000|  0%| F|  |TAMS 0x0000000607000000| PB 0x0000000607000000| Untracked 
|   4|0x0000000607400000, 0x0000000607400000, 0x0000000607800000|  0%| F|  |TAMS 0x0000000607400000| PB 0x0000000607400000| Untracked 
|   5|0x0000000607800000, 0x0000000607800000, 0x0000000607c00000|  0%| F|  |TAMS 0x0000000607800000| PB 0x0000000607800000| Untracked 
|   6|0x0000000607c00000, 0x0000000607c00000, 0x0000000608000000|  0%| F|  |TAMS 0x0000000607c00000| PB 0x0000000607c00000| Untracked 
|   7|0x0000000608000000, 0x0000000608000000, 0x0000000608400000|  0%| F|  |TAMS 0x0000000608000000| PB 0x0000000608000000| Untracked 
|   8|0x0000000608400000, 0x0000000608400000, 0x0000000608800000|  0%| F|  |TAMS 0x0000000608400000| PB 0x0000000608400000| Untracked 
|   9|0x0000000608800000, 0x0000000608800000, 0x0000000608c00000|  0%| F|  |TAMS 0x0000000608800000| PB 0x0000000608800000| Untracked 
|  10|0x0000000608c00000, 0x0000000608c00000, 0x0000000609000000|  0%| F|  |TAMS 0x0000000608c00000| PB 0x0000000608c00000| Untracked 
|  11|0x0000000609000000, 0x0000000609000000, 0x0000000609400000|  0%| F|  |TAMS 0x0000000609000000| PB 0x0000000609000000| Untracked 
|  12|0x0000000609400000, 0x0000000609400000, 0x0000000609800000|  0%| F|  |TAMS 0x0000000609400000| PB 0x0000000609400000| Untracked 
|  13|0x0000000609800000, 0x0000000609800000, 0x0000000609c00000|  0%| F|  |TAMS 0x0000000609800000| PB 0x0000000609800000| Untracked 
|  14|0x0000000609c00000, 0x0000000609c00000, 0x000000060a000000|  0%| F|  |TAMS 0x0000000609c00000| PB 0x0000000609c00000| Untracked 
|  15|0x000000060a000000, 0x000000060a000000, 0x000000060a400000|  0%| F|  |TAMS 0x000000060a000000| PB 0x000000060a000000| Untracked 
|  16|0x000000060a400000, 0x000000060a400000, 0x000000060a800000|  0%| F|  |TAMS 0x000000060a400000| PB 0x000000060a400000| Untracked 
|  17|0x000000060a800000, 0x000000060a800000, 0x000000060ac00000|  0%| F|  |TAMS 0x000000060a800000| PB 0x000000060a800000| Untracked 
|  18|0x000000060ac00000, 0x000000060ac00000, 0x000000060b000000|  0%| F|  |TAMS 0x000000060ac00000| PB 0x000000060ac00000| Untracked 
|  19|0x000000060b000000, 0x000000060b000000, 0x000000060b400000|  0%| F|  |TAMS 0x000000060b000000| PB 0x000000060b000000| Untracked 
|  20|0x000000060b400000, 0x000000060b400000, 0x000000060b800000|  0%| F|  |TAMS 0x000000060b400000| PB 0x000000060b400000| Untracked 
|  21|0x000000060b800000, 0x000000060b800000, 0x000000060bc00000|  0%| F|  |TAMS 0x000000060b800000| PB 0x000000060b800000| Untracked 
|  22|0x000000060bc00000, 0x000000060bc00000, 0x000000060c000000|  0%| F|  |TAMS 0x000000060bc00000| PB 0x000000060bc00000| Untracked 
|  23|0x000000060c000000, 0x000000060c000000, 0x000000060c400000|  0%| F|  |TAMS 0x000000060c000000| PB 0x000000060c000000| Untracked 
|  24|0x000000060c400000, 0x000000060c400000, 0x000000060c800000|  0%| F|  |TAMS 0x000000060c400000| PB 0x000000060c400000| Untracked 
|  25|0x000000060c800000, 0x000000060c800000, 0x000000060cc00000|  0%| F|  |TAMS 0x000000060c800000| PB 0x000000060c800000| Untracked 
|  26|0x000000060cc00000, 0x000000060cc00000, 0x000000060d000000|  0%| F|  |TAMS 0x000000060cc00000| PB 0x000000060cc00000| Untracked 
|  27|0x000000060d000000, 0x000000060d000000, 0x000000060d400000|  0%| F|  |TAMS 0x000000060d000000| PB 0x000000060d000000| Untracked 
|  28|0x000000060d400000, 0x000000060d400000, 0x000000060d800000|  0%| F|  |TAMS 0x000000060d400000| PB 0x000000060d400000| Untracked 
|  29|0x000000060d800000, 0x000000060d800000, 0x000000060dc00000|  0%| F|  |TAMS 0x000000060d800000| PB 0x000000060d800000| Untracked 
|  30|0x000000060dc00000, 0x000000060dc00000, 0x000000060e000000|  0%| F|  |TAMS 0x000000060dc00000| PB 0x000000060dc00000| Untracked 
|  31|0x000000060e000000, 0x000000060e000000, 0x000000060e400000|  0%| F|  |TAMS 0x000000060e000000| PB 0x000000060e000000| Untracked 
|  32|0x000000060e400000, 0x000000060e400000, 0x000000060e800000|  0%| F|  |TAMS 0x000000060e400000| PB 0x000000060e400000| Untracked 
|  33|0x000000060e800000, 0x000000060e800000, 0x000000060ec00000|  0%| F|  |TAMS 0x000000060e800000| PB 0x000000060e800000| Untracked 
|  34|0x000000060ec00000, 0x000000060ec00000, 0x000000060f000000|  0%| F|  |TAMS 0x000000060ec00000| PB 0x000000060ec00000| Untracked 
|  35|0x000000060f000000, 0x000000060f000000, 0x000000060f400000|  0%| F|  |TAMS 0x000000060f000000| PB 0x000000060f000000| Untracked 
|  36|0x000000060f400000, 0x000000060f400000, 0x000000060f800000|  0%| F|  |TAMS 0x000000060f400000| PB 0x000000060f400000| Untracked 
|  37|0x000000060f800000, 0x000000060f800000, 0x000000060fc00000|  0%| F|  |TAMS 0x000000060f800000| PB 0x000000060f800000| Untracked 
|  38|0x000000060fc00000, 0x000000060fc00000, 0x0000000610000000|  0%| F|  |TAMS 0x000000060fc00000| PB 0x000000060fc00000| Untracked 
|  39|0x0000000610000000, 0x0000000610000000, 0x0000000610400000|  0%| F|  |TAMS 0x0000000610000000| PB 0x0000000610000000| Untracked 
|  40|0x0000000610400000, 0x0000000610400000, 0x0000000610800000|  0%| F|  |TAMS 0x0000000610400000| PB 0x0000000610400000| Untracked 
|  41|0x0000000610800000, 0x0000000610800000, 0x0000000610c00000|  0%| F|  |TAMS 0x0000000610800000| PB 0x0000000610800000| Untracked 
|  42|0x0000000610c00000, 0x0000000610c00000, 0x0000000611000000|  0%| F|  |TAMS 0x0000000610c00000| PB 0x0000000610c00000| Untracked 
|  43|0x0000000611000000, 0x0000000611000000, 0x0000000611400000|  0%| F|  |TAMS 0x0000000611000000| PB 0x0000000611000000| Untracked 
|  44|0x0000000611400000, 0x0000000611400000, 0x0000000611800000|  0%| F|  |TAMS 0x0000000611400000| PB 0x0000000611400000| Untracked 
|  45|0x0000000611800000, 0x0000000611800000, 0x0000000611c00000|  0%| F|  |TAMS 0x0000000611800000| PB 0x0000000611800000| Untracked 
|  46|0x0000000611c00000, 0x0000000611c00000, 0x0000000612000000|  0%| F|  |TAMS 0x0000000611c00000| PB 0x0000000611c00000| Untracked 
|  47|0x0000000612000000, 0x0000000612000000, 0x0000000612400000|  0%| F|  |TAMS 0x0000000612000000| PB 0x0000000612000000| Untracked 
|  48|0x0000000612400000, 0x0000000612400000, 0x0000000612800000|  0%| F|  |TAMS 0x0000000612400000| PB 0x0000000612400000| Untracked 
|  49|0x0000000612800000, 0x0000000612800000, 0x0000000612c00000|  0%| F|  |TAMS 0x0000000612800000| PB 0x0000000612800000| Untracked 
|  50|0x0000000612c00000, 0x0000000612c00000, 0x0000000613000000|  0%| F|  |TAMS 0x0000000612c00000| PB 0x0000000612c00000| Untracked 
|  51|0x0000000613000000, 0x0000000613000000, 0x0000000613400000|  0%| F|  |TAMS 0x0000000613000000| PB 0x0000000613000000| Untracked 
|  52|0x0000000613400000, 0x0000000613400000, 0x0000000613800000|  0%| F|  |TAMS 0x0000000613400000| PB 0x0000000613400000| Untracked 
|  53|0x0000000613800000, 0x0000000613800000, 0x0000000613c00000|  0%| F|  |TAMS 0x0000000613800000| PB 0x0000000613800000| Untracked 
|  54|0x0000000613c00000, 0x0000000613c00000, 0x0000000614000000|  0%| F|  |TAMS 0x0000000613c00000| PB 0x0000000613c00000| Untracked 
|  55|0x0000000614000000, 0x0000000614000000, 0x0000000614400000|  0%| F|  |TAMS 0x0000000614000000| PB 0x0000000614000000| Untracked 
|  56|0x0000000614400000, 0x0000000614400000, 0x0000000614800000|  0%| F|  |TAMS 0x0000000614400000| PB 0x0000000614400000| Untracked 
|  57|0x0000000614800000, 0x0000000614800000, 0x0000000614c00000|  0%| F|  |TAMS 0x0000000614800000| PB 0x0000000614800000| Untracked 
|  58|0x0000000614c00000, 0x0000000614c00000, 0x0000000615000000|  0%| F|  |TAMS 0x0000000614c00000| PB 0x0000000614c00000| Untracked 
|  59|0x0000000615000000, 0x0000000615000000, 0x0000000615400000|  0%| F|  |TAMS 0x0000000615000000| PB 0x0000000615000000| Untracked 
|  60|0x0000000615400000, 0x0000000615400000, 0x0000000615800000|  0%| F|  |TAMS 0x0000000615400000| PB 0x0000000615400000| Untracked 
|  61|0x0000000615800000, 0x0000000615800000, 0x0000000615c00000|  0%| F|  |TAMS 0x0000000615800000| PB 0x0000000615800000| Untracked 
|  62|0x0000000615c00000, 0x0000000615c00000, 0x0000000616000000|  0%| F|  |TAMS 0x0000000615c00000| PB 0x0000000615c00000| Untracked 
|  63|0x0000000616000000, 0x0000000616000000, 0x0000000616400000|  0%| F|  |TAMS 0x0000000616000000| PB 0x0000000616000000| Untracked 
|  64|0x0000000616400000, 0x0000000616400000, 0x0000000616800000|  0%| F|  |TAMS 0x0000000616400000| PB 0x0000000616400000| Untracked 
|  65|0x0000000616800000, 0x0000000616800000, 0x0000000616c00000|  0%| F|  |TAMS 0x0000000616800000| PB 0x0000000616800000| Untracked 
|  66|0x0000000616c00000, 0x0000000616c00000, 0x0000000617000000|  0%| F|  |TAMS 0x0000000616c00000| PB 0x0000000616c00000| Untracked 
|  67|0x0000000617000000, 0x0000000617000000, 0x0000000617400000|  0%| F|  |TAMS 0x0000000617000000| PB 0x0000000617000000| Untracked 
|  68|0x0000000617400000, 0x0000000617400000, 0x0000000617800000|  0%| F|  |TAMS 0x0000000617400000| PB 0x0000000617400000| Untracked 
|  69|0x0000000617800000, 0x0000000617800000, 0x0000000617c00000|  0%| F|  |TAMS 0x0000000617800000| PB 0x0000000617800000| Untracked 
|  70|0x0000000617c00000, 0x0000000617c00000, 0x0000000618000000|  0%| F|  |TAMS 0x0000000617c00000| PB 0x0000000617c00000| Untracked 
|  71|0x0000000618000000, 0x0000000618000000, 0x0000000618400000|  0%| F|  |TAMS 0x0000000618000000| PB 0x0000000618000000| Untracked 
|  72|0x0000000618400000, 0x0000000618400000, 0x0000000618800000|  0%| F|  |TAMS 0x0000000618400000| PB 0x0000000618400000| Untracked 
|  73|0x0000000618800000, 0x0000000618800000, 0x0000000618c00000|  0%| F|  |TAMS 0x0000000618800000| PB 0x0000000618800000| Untracked 
|  74|0x0000000618c00000, 0x0000000618c00000, 0x0000000619000000|  0%| F|  |TAMS 0x0000000618c00000| PB 0x0000000618c00000| Untracked 
|  75|0x0000000619000000, 0x0000000619000000, 0x0000000619400000|  0%| F|  |TAMS 0x0000000619000000| PB 0x0000000619000000| Untracked 
|  76|0x0000000619400000, 0x0000000619400000, 0x0000000619800000|  0%| F|  |TAMS 0x0000000619400000| PB 0x0000000619400000| Untracked 
|  77|0x0000000619800000, 0x0000000619800000, 0x0000000619c00000|  0%| F|  |TAMS 0x0000000619800000| PB 0x0000000619800000| Untracked 
|  78|0x0000000619c00000, 0x0000000619c00000, 0x000000061a000000|  0%| F|  |TAMS 0x0000000619c00000| PB 0x0000000619c00000| Untracked 
|  79|0x000000061a000000, 0x000000061a000000, 0x000000061a400000|  0%| F|  |TAMS 0x000000061a000000| PB 0x000000061a000000| Untracked 
|  80|0x000000061a400000, 0x000000061a400000, 0x000000061a800000|  0%| F|  |TAMS 0x000000061a400000| PB 0x000000061a400000| Untracked 
|  81|0x000000061a800000, 0x000000061a800000, 0x000000061ac00000|  0%| F|  |TAMS 0x000000061a800000| PB 0x000000061a800000| Untracked 
|  82|0x000000061ac00000, 0x000000061ac00000, 0x000000061b000000|  0%| F|  |TAMS 0x000000061ac00000| PB 0x000000061ac00000| Untracked 
|  83|0x000000061b000000, 0x000000061b000000, 0x000000061b400000|  0%| F|  |TAMS 0x000000061b000000| PB 0x000000061b000000| Untracked 
|  84|0x000000061b400000, 0x000000061b400000, 0x000000061b800000|  0%| F|  |TAMS 0x000000061b400000| PB 0x000000061b400000| Untracked 
|  85|0x000000061b800000, 0x000000061b800000, 0x000000061bc00000|  0%| F|  |TAMS 0x000000061b800000| PB 0x000000061b800000| Untracked 
|  86|0x000000061bc00000, 0x000000061bc00000, 0x000000061c000000|  0%| F|  |TAMS 0x000000061bc00000| PB 0x000000061bc00000| Untracked 
|  87|0x000000061c000000, 0x000000061c000000, 0x000000061c400000|  0%| F|  |TAMS 0x000000061c000000| PB 0x000000061c000000| Untracked 
|  88|0x000000061c400000, 0x000000061c400000, 0x000000061c800000|  0%| F|  |TAMS 0x000000061c400000| PB 0x000000061c400000| Untracked 
|  89|0x000000061c800000, 0x000000061c800000, 0x000000061cc00000|  0%| F|  |TAMS 0x000000061c800000| PB 0x000000061c800000| Untracked 
|  90|0x000000061cc00000, 0x000000061cc00000, 0x000000061d000000|  0%| F|  |TAMS 0x000000061cc00000| PB 0x000000061cc00000| Untracked 
|  91|0x000000061d000000, 0x000000061d000000, 0x000000061d400000|  0%| F|  |TAMS 0x000000061d000000| PB 0x000000061d000000| Untracked 
|  92|0x000000061d400000, 0x000000061d400000, 0x000000061d800000|  0%| F|  |TAMS 0x000000061d400000| PB 0x000000061d400000| Untracked 
|  93|0x000000061d800000, 0x000000061d800000, 0x000000061dc00000|  0%| F|  |TAMS 0x000000061d800000| PB 0x000000061d800000| Untracked 
|  94|0x000000061dc00000, 0x000000061dc00000, 0x000000061e000000|  0%| F|  |TAMS 0x000000061dc00000| PB 0x000000061dc00000| Untracked 
|  95|0x000000061e000000, 0x000000061e000000, 0x000000061e400000|  0%| F|  |TAMS 0x000000061e000000| PB 0x000000061e000000| Untracked 
|  96|0x000000061e400000, 0x000000061e400000, 0x000000061e800000|  0%| F|  |TAMS 0x000000061e400000| PB 0x000000061e400000| Untracked 
|  97|0x000000061e800000, 0x000000061e800000, 0x000000061ec00000|  0%| F|  |TAMS 0x000000061e800000| PB 0x000000061e800000| Untracked 
|  98|0x000000061ec00000, 0x000000061ec00000, 0x000000061f000000|  0%| F|  |TAMS 0x000000061ec00000| PB 0x000000061ec00000| Untracked 
|  99|0x000000061f000000, 0x000000061f000000, 0x000000061f400000|  0%| F|  |TAMS 0x000000061f000000| PB 0x000000061f000000| Untracked 
| 100|0x000000061f400000, 0x000000061f400000, 0x000000061f800000|  0%| F|  |TAMS 0x000000061f400000| PB 0x000000061f400000| Untracked 
| 101|0x000000061f800000, 0x000000061f800000, 0x000000061fc00000|  0%| F|  |TAMS 0x000000061f800000| PB 0x000000061f800000| Untracked 
| 102|0x000000061fc00000, 0x000000061fc00000, 0x0000000620000000|  0%| F|  |TAMS 0x000000061fc00000| PB 0x000000061fc00000| Untracked 
| 103|0x0000000620000000, 0x0000000620000000, 0x0000000620400000|  0%| F|  |TAMS 0x0000000620000000| PB 0x0000000620000000| Untracked 
| 104|0x0000000620400000, 0x0000000620400000, 0x0000000620800000|  0%| F|  |TAMS 0x0000000620400000| PB 0x0000000620400000| Untracked 
| 105|0x0000000620800000, 0x0000000620800000, 0x0000000620c00000|  0%| F|  |TAMS 0x0000000620800000| PB 0x0000000620800000| Untracked 
| 106|0x0000000620c00000, 0x0000000620c00000, 0x0000000621000000|  0%| F|  |TAMS 0x0000000620c00000| PB 0x0000000620c00000| Untracked 
| 107|0x0000000621000000, 0x0000000621000000, 0x0000000621400000|  0%| F|  |TAMS 0x0000000621000000| PB 0x0000000621000000| Untracked 
| 108|0x0000000621400000, 0x0000000621400000, 0x0000000621800000|  0%| F|  |TAMS 0x0000000621400000| PB 0x0000000621400000| Untracked 
| 109|0x0000000621800000, 0x0000000621800000, 0x0000000621c00000|  0%| F|  |TAMS 0x0000000621800000| PB 0x0000000621800000| Untracked 
| 110|0x0000000621c00000, 0x0000000621c00000, 0x0000000622000000|  0%| F|  |TAMS 0x0000000621c00000| PB 0x0000000621c00000| Untracked 
| 111|0x0000000622000000, 0x0000000622000000, 0x0000000622400000|  0%| F|  |TAMS 0x0000000622000000| PB 0x0000000622000000| Untracked 
| 112|0x0000000622400000, 0x0000000622400000, 0x0000000622800000|  0%| F|  |TAMS 0x0000000622400000| PB 0x0000000622400000| Untracked 
| 113|0x0000000622800000, 0x0000000622800000, 0x0000000622c00000|  0%| F|  |TAMS 0x0000000622800000| PB 0x0000000622800000| Untracked 
| 114|0x0000000622c00000, 0x0000000622c00000, 0x0000000623000000|  0%| F|  |TAMS 0x0000000622c00000| PB 0x0000000622c00000| Untracked 
| 115|0x0000000623000000, 0x0000000623000000, 0x0000000623400000|  0%| F|  |TAMS 0x0000000623000000| PB 0x0000000623000000| Untracked 
| 116|0x0000000623400000, 0x0000000623400000, 0x0000000623800000|  0%| F|  |TAMS 0x0000000623400000| PB 0x0000000623400000| Untracked 
| 117|0x0000000623800000, 0x0000000623800000, 0x0000000623c00000|  0%| F|  |TAMS 0x0000000623800000| PB 0x0000000623800000| Untracked 
| 118|0x0000000623c00000, 0x0000000623c00000, 0x0000000624000000|  0%| F|  |TAMS 0x0000000623c00000| PB 0x0000000623c00000| Untracked 
| 119|0x0000000624000000, 0x0000000624000000, 0x0000000624400000|  0%| F|  |TAMS 0x0000000624000000| PB 0x0000000624000000| Untracked 
| 120|0x0000000624400000, 0x0000000624400000, 0x0000000624800000|  0%| F|  |TAMS 0x0000000624400000| PB 0x0000000624400000| Untracked 
| 121|0x0000000624800000, 0x0000000624800000, 0x0000000624c00000|  0%| F|  |TAMS 0x0000000624800000| PB 0x0000000624800000| Untracked 
| 122|0x0000000624c00000, 0x0000000625000000, 0x0000000625000000|100%| E|  |TAMS 0x0000000624c00000| PB 0x0000000624c00000| Complete 
| 123|0x0000000625000000, 0x0000000625400000, 0x0000000625400000|100%| E|CS|TAMS 0x0000000625000000| PB 0x0000000625000000| Complete 
| 124|0x0000000625400000, 0x0000000625800000, 0x0000000625800000|100%| E|CS|TAMS 0x0000000625400000| PB 0x0000000625400000| Complete 
| 125|0x0000000625800000, 0x0000000625c00000, 0x0000000625c00000|100%| E|CS|TAMS 0x0000000625800000| PB 0x0000000625800000| Complete 
| 126|0x0000000625c00000, 0x0000000626000000, 0x0000000626000000|100%| E|CS|TAMS 0x0000000625c00000| PB 0x0000000625c00000| Complete 

Card table byte_map: [0x0000022df94b0000,0x0000022dfa480000] _byte_map_base: 0x0000022df647e000

Marking Bits: (CMBitMap*) 0x0000022df01a2640
 Bits: [0x0000022d8f000000, 0x0000022d96e70000)

Polling page: 0x0000022dee0d0000

Metaspace:

Usage:
  Non-class:      6.82 MB used.
      Class:    643.42 KB used.
       Both:      7.45 MB used.

Virtual space:
  Non-class space:       64.00 MB reserved,       7.00 MB ( 11%) committed,  1 nodes.
      Class space:        1.00 GB reserved,     768.00 KB ( <1%) committed,  1 nodes.
             Both:        1.06 GB reserved,       7.75 MB ( <1%) committed. 

Chunk freelists:
   Non-Class:  816.00 KB
       Class:  3.23 MB
        Both:  4.03 MB

MaxMetaspaceSize: unlimited
CompressedClassSpaceSize: 1.00 GB
Initial GC threshold: 21.00 MB
Current GC threshold: 21.00 MB
CDS: on
MetaspaceReclaimPolicy: balanced
 - commit_granule_bytes: 65536.
 - commit_granule_words: 8192.
 - virtual_space_node_default_size: 8388608.
 - enlarge_chunks_in_place: 1.
 - new_chunks_are_fully_committed: 0.
 - uncommit_free_chunks: 1.
 - use_allocation_guard: 0.


Internal statistics:

num_allocs_failed_limit: 0.
num_arena_births: 176.
num_arena_deaths: 0.
num_vsnodes_births: 2.
num_vsnodes_deaths: 0.
num_space_committed: 122.
num_space_uncommitted: 0.
num_chunks_returned_to_freelist: 0.
num_chunks_taken_from_freelist: 335.
num_chunk_merges: 0.
num_chunk_splits: 193.
num_chunks_enlarged: 80.
num_inconsistent_stats: 0.

CodeHeap 'non-profiled nmethods': size=120000Kb used=502Kb max_used=502Kb free=119497Kb
 bounds [0x0000022d87ad0000, 0x0000022d87d40000, 0x0000022d8f000000]
CodeHeap 'profiled nmethods': size=120000Kb used=2493Kb max_used=2493Kb free=117506Kb
 bounds [0x0000022d80000000, 0x0000022d80270000, 0x0000022d87530000]
CodeHeap 'non-nmethods': size=5760Kb used=1834Kb max_used=1864Kb free=3925Kb
 bounds [0x0000022d87530000, 0x0000022d877a0000, 0x0000022d87ad0000]
 total_blobs=2124 nmethods=1449 adapters=586
 compilation: enabled
              stopped_count=0, restarted_count=0
 full_count=0

Compilation events (20 events):
Event: 12.720 Thread 0x0000022dfb61e3f0 1441       3       org.newdawn.slick.AngelCodeFont::drawString (222 bytes)
Event: 12.722 Thread 0x0000022dfb61e3f0 nmethod 1441 0x0000022d8026a310 code [0x0000022d8026a660, 0x0000022d8026b8c8]
Event: 12.722 Thread 0x0000022dfb61e3f0 1442       3       org.newdawn.slick.Image::bind (10 bytes)
Event: 12.722 Thread 0x0000022dfb61e3f0 nmethod 1442 0x0000022d8026c110 code [0x0000022d8026c2a0, 0x0000022d8026c4a0]
Event: 13.257 Thread 0x0000022dfb61c450 1443       4       org.lwjgl.opengl.GL11::glTranslatef (24 bytes)
Event: 13.260 Thread 0x0000022dfb61c450 nmethod 1443 0x0000022d87b4bd10 code [0x0000022d87b4be80, 0x0000022d87b4bfd0]
Event: 14.653 Thread 0x0000022dfb61c450 1444       4       jdk.internal.misc.Unsafe::checkOffset (32 bytes)
Event: 14.655 Thread 0x0000022dfb61c450 nmethod 1444 0x0000022d87b4c190 code [0x0000022d87b4c300, 0x0000022d87b4c3b0]
Event: 14.838 Thread 0x0000022dfb61e3f0 1445       3       ENNL.Nachbar::update (185 bytes)
Event: 14.840 Thread 0x0000022dfb61e3f0 nmethod 1445 0x0000022d8026c590 code [0x0000022d8026c7c0, 0x0000022d8026d648]
Event: 14.840 Thread 0x0000022dfb61e3f0 1446       3       ENNL.Drohne::update (259 bytes)
Event: 14.842 Thread 0x0000022dfb61e3f0 nmethod 1446 0x0000022d8026d890 code [0x0000022d8026dae0, 0x0000022d8026f310]
Event: 16.363 Thread 0x0000022dfb61c450 1447       4       org.newdawn.slick.Input::isControllerLeft (95 bytes)
Event: 16.370 Thread 0x0000022dfb61c450 nmethod 1447 0x0000022d87b4c490 code [0x0000022d87b4c620, 0x0000022d87b4c850]
Event: 16.370 Thread 0x0000022dfb61c450 1448       4       org.newdawn.slick.Input::isControllerRight (95 bytes)
Event: 16.376 Thread 0x0000022dfb61c450 nmethod 1448 0x0000022d87b4cb90 code [0x0000022d87b4cd20, 0x0000022d87b4cf50]
Event: 16.996 Thread 0x0000022dfb61c450 1449   !   4       java.nio.DirectIntBufferU::put (37 bytes)
Event: 16.999 Thread 0x0000022dfb61c450 nmethod 1449 0x0000022d87b4d290 code [0x0000022d87b4d400, 0x0000022d87b4d508]
Event: 17.000 Thread 0x0000022dfb61c450 1450       4       java.nio.ByteBuffer::flip (7 bytes)
Event: 17.000 Thread 0x0000022dfb61c450 nmethod 1450 0x0000022d87b4d610 code [0x0000022d87b4d780, 0x0000022d87b4d820]

GC Heap History (0 events):
No events

Dll operation events (16 events):
Event: 0.018 Loaded shared library C:\Users\elija\.jdks\openjdk-20.0.2\bin\java.dll
Event: 0.053 Loaded shared library C:\Users\elija\.jdks\openjdk-20.0.2\bin\jsvml.dll
Event: 0.184 Loaded shared library C:\Users\elija\.jdks\openjdk-20.0.2\bin\zip.dll
Event: 0.188 Loaded shared library C:\Users\elija\.jdks\openjdk-20.0.2\bin\instrument.dll
Event: 0.200 Loaded shared library C:\Users\elija\.jdks\openjdk-20.0.2\bin\net.dll
Event: 0.203 Loaded shared library C:\Users\elija\.jdks\openjdk-20.0.2\bin\nio.dll
Event: 0.207 Loaded shared library C:\Users\elija\.jdks\openjdk-20.0.2\bin\zip.dll
Event: 0.250 Loaded shared library C:\Program Files\JetBrains\IntelliJ IDEA 2023.2.2\bin\breakgen64.dll
Event: 0.267 Loaded shared library C:\Users\elija\.jdks\openjdk-20.0.2\bin\extnet.dll
Event: 0.285 Loaded shared library C:\Users\elija\.jdks\openjdk-20.0.2\bin\verify.dll
Event: 0.319 Loaded shared library C:\Users\elija\OneDrive - HTL Dornbirn\4. Schuljahr\Infi\Drohne_Sim\lwjgl64.dll
Event: 0.352 Loaded shared library C:\Users\elija\.jdks\openjdk-20.0.2\bin\jimage.dll
Event: 0.838 Loaded shared library C:\Users\elija\.jdks\openjdk-20.0.2\bin\awt.dll
Event: 0.923 Loaded shared library C:\Users\elija\OneDrive - HTL Dornbirn\4. Schuljahr\Infi\Drohne_Sim\jinput-dx8_64.dll
Event: 1.310 Loaded shared library C:\Users\elija\OneDrive - HTL Dornbirn\4. Schuljahr\Infi\Drohne_Sim\jinput-raw_64.dll
Event: 1.846 Loaded shared library C:\Users\elija\.jdks\openjdk-20.0.2\bin\javajpeg.dll

Deoptimization events (20 events):
Event: 1.981 Thread 0x0000022df00efce0 Uncommon trap: trap_request=0xffffff45 fr.pc=0x0000022d87b2cc68 relative=0x00000000000004c8
Event: 1.981 Thread 0x0000022df00efce0 Uncommon trap: reason=unstable_if action=reinterpret pc=0x0000022d87b2cc68 method=java.awt.image.ComponentColorModel.getDataElements(ILjava/lang/Object;)Ljava/lang/Object; @ 30 c2
Event: 1.981 Thread 0x0000022df00efce0 DEOPT PACKING pc=0x0000022d87b2cc68 sp=0x0000007bdbefe6b0
Event: 1.981 Thread 0x0000022df00efce0 DEOPT UNPACKING pc=0x0000022d8754d2a2 sp=0x0000007bdbefe630 mode 2
Event: 1.982 Thread 0x0000022df00efce0 Uncommon trap: trap_request=0xffffff45 fr.pc=0x0000022d87b2ab48 relative=0x0000000000000128
Event: 1.982 Thread 0x0000022df00efce0 Uncommon trap: reason=unstable_if action=reinterpret pc=0x0000022d87b2ab48 method=java.awt.image.ComponentColorModel.getAlpha(Ljava/lang/Object;)I @ 4 c2
Event: 1.982 Thread 0x0000022df00efce0 DEOPT PACKING pc=0x0000022d87b2ab48 sp=0x0000007bdbefe1d0
Event: 1.982 Thread 0x0000022df00efce0 DEOPT UNPACKING pc=0x0000022d8754d2a2 sp=0x0000007bdbefe0d0 mode 2
Event: 1.982 Thread 0x0000022df00efce0 Uncommon trap: trap_request=0xffffff45 fr.pc=0x0000022d87b2a5ac relative=0x000000000000012c
Event: 1.982 Thread 0x0000022df00efce0 Uncommon trap: reason=unstable_if action=reinterpret pc=0x0000022d87b2a5ac method=java.awt.image.ComponentColorModel.extractComponent(Ljava/lang/Object;II)I @ 4 c2
Event: 1.982 Thread 0x0000022df00efce0 DEOPT PACKING pc=0x0000022d87b2a5ac sp=0x0000007bdbefe0e0
Event: 1.982 Thread 0x0000022df00efce0 DEOPT UNPACKING pc=0x0000022d8754d2a2 sp=0x0000007bdbefe028 mode 2
Event: 1.982 Thread 0x0000022df00efce0 Uncommon trap: trap_request=0xffffff45 fr.pc=0x0000022d87b2b0f4 relative=0x0000000000000074
Event: 1.982 Thread 0x0000022df00efce0 Uncommon trap: reason=unstable_if action=reinterpret pc=0x0000022d87b2b0f4 method=java.awt.image.ComponentColorModel.getAlpha(Ljava/lang/Object;)I @ 4 c2
Event: 1.982 Thread 0x0000022df00efce0 DEOPT PACKING pc=0x0000022d87b2b0f4 sp=0x0000007bdbefe170
Event: 1.982 Thread 0x0000022df00efce0 DEOPT UNPACKING pc=0x0000022d8754d2a2 sp=0x0000007bdbefe0c8 mode 2
Event: 4.185 Thread 0x0000022df00efce0 DEOPT PACKING pc=0x0000022d802152eb sp=0x0000007bdbefef20
Event: 4.185 Thread 0x0000022df00efce0 DEOPT UNPACKING pc=0x0000022d8759e462 sp=0x0000007bdbefe4a8 mode 0
Event: 11.666 Thread 0x0000022df00efce0 DEOPT PACKING pc=0x0000022d8022b608 sp=0x0000007bdbefede0
Event: 11.666 Thread 0x0000022df00efce0 DEOPT UNPACKING pc=0x0000022d8759e462 sp=0x0000007bdbefe3a8 mode 0

Classes loaded (20 events):
Event: 1.973 Loading class com/sun/imageio/plugins/gif/GIFImageMetadata
Event: 1.974 Loading class com/sun/imageio/plugins/gif/GIFImageMetadata done
Event: 1.976 Loading class sun/awt/image/BytePackedRaster
Event: 1.977 Loading class sun/awt/image/BytePackedRaster done
Event: 1.981 Loading class java/awt/RenderingHints
Event: 1.981 Loading class java/awt/RenderingHints done
Event: 1.982 Loading class java/awt/ColorPaintContext
Event: 1.982 Loading class java/awt/PaintContext
Event: 1.982 Loading class java/awt/PaintContext done
Event: 1.982 Loading class java/awt/ColorPaintContext done
Event: 1.982 Loading class sun/java2d/pipe/AlphaPaintPipe$TileContext
Event: 1.982 Loading class sun/java2d/pipe/AlphaPaintPipe$TileContext done
Event: 2.053 Loading class jdk/internal/event/ThreadSleepEvent
Event: 2.053 Loading class jdk/internal/event/ThreadSleepEvent done
Event: 17.548 Loading class jdk/internal/misc/Signal$1
Event: 17.548 Loading class jdk/internal/misc/Signal$1 done
Event: 17.550 Loading class java/util/WeakHashMap$KeyIterator
Event: 17.550 Loading class java/util/WeakHashMap$HashIterator
Event: 17.550 Loading class java/util/WeakHashMap$HashIterator done
Event: 17.550 Loading class java/util/WeakHashMap$KeyIterator done

Classes unloaded (0 events):
No events

Classes redefined (0 events):
No events

Internal exceptions (11 events):
Event: 0.235 Thread 0x0000022df00efce0 Exception <a 'java/lang/NoSuchMethodError'{0x0000000625f5fbe0}: 'void java.lang.invoke.DirectMethodHandle$Holder.invokeStatic(java.lang.Object, java.lang.Object, java.lang.Object)'> (0x0000000625f5fbe0) 
thrown [s\open\src\hotspot\share\interpreter\linkResolver.cpp, line 773]
Event: 0.245 Thread 0x0000022df00efce0 Exception <a 'java/lang/NoSuchMethodError'{0x0000000625f770e8}: 'java.lang.Object java.lang.invoke.Invokers$Holder.invokeExact_MT(java.lang.Object, java.lang.Object, java.lang.Object, java.lang.Object, java.lang.Object)'> (0x0000000625f770e8) 
thrown [s\open\src\hotspot\share\interpreter\linkResolver.cpp, line 773]
Event: 0.268 Thread 0x0000022dfb60bd80 Exception <a 'java/lang/NoSuchMethodError'{0x0000000625fde5f0}: 'void java.lang.invoke.DirectMethodHandle$Holder.invokeStatic(java.lang.Object, java.lang.Object)'> (0x0000000625fde5f0) 
thrown [s\open\src\hotspot\share\interpreter\linkResolver.cpp, line 773]
Event: 0.574 Thread 0x0000022df00efce0 Exception <a 'java/lang/NoSuchMethodError'{0x0000000625a2a8e8}: 'int java.lang.invoke.Invokers$Holder.invokeExact_MT(java.lang.Object, java.lang.Object)'> (0x0000000625a2a8e8) 
thrown [s\open\src\hotspot\share\interpreter\linkResolver.cpp, line 773]
Event: 1.086 Thread 0x0000022dfb60b830 Exception <a 'java/lang/NoSuchMethodError'{0x00000006255f3988}: 'java.lang.Object java.lang.invoke.Invokers$Holder.invokeExact_MT(java.lang.Object, java.lang.Object, java.lang.Object, java.lang.Object, java.lang.Object, java.lang.Object)'> (0x00000006255f3988) 
thrown [s\open\src\hotspot\share\interpreter\linkResolver.cpp, line 773]
Event: 1.610 Thread 0x0000022df00efce0 Exception <a 'java/lang/ClassNotFoundException'{0x00000006257bb0d8}: sun/awt/resources/spi/awtProvider> (0x00000006257bb0d8) 
thrown [s\open\src\hotspot\share\classfile\systemDictionary.cpp, line 305]
Event: 1.625 Thread 0x0000022df00efce0 Exception <a 'java/io/FileNotFoundException'{0x00000006257d3588}> (0x00000006257d3588) 
thrown [s\open\src\hotspot\share\prims\jni.cpp, line 519]
Event: 1.635 Thread 0x0000022df00efce0 Exception <a 'java/io/FileNotFoundException'{0x000000062517ca18}> (0x000000062517ca18) 
thrown [s\open\src\hotspot\share\prims\jni.cpp, line 519]
Event: 1.691 Thread 0x0000022df00efce0 Exception <a 'java/lang/NoSuchMethodError'{0x00000006251d8528}: 'java.lang.Object java.lang.invoke.DirectMethodHandle$Holder.invokeStaticInit(java.lang.Object, int, int, int, int)'> (0x00000006251d8528) 
thrown [s\open\src\hotspot\share\interpreter\linkResolver.cpp, line 773]
Event: 1.817 Thread 0x0000022df00efce0 Exception <a 'java/lang/NoSuchMethodError'{0x00000006252a7e40}: 'java.lang.Object java.lang.invoke.DirectMethodHandle$Holder.invokeStaticInit(java.lang.Object, java.lang.Object, int, int, int, int)'> (0x00000006252a7e40) 
thrown [s\open\src\hotspot\share\interpreter\linkResolver.cpp, line 773]
Event: 1.957 Thread 0x0000022df00efce0 Implicit null exception at 0x0000022d87b2b6f3 to 0x0000022d87b2b940

VM Operations (20 events):
Event: 0.156 Executing VM operation: HandshakeAllThreads done
Event: 0.255 Executing VM operation: HandshakeAllThreads
Event: 0.255 Executing VM operation: HandshakeAllThreads done
Event: 0.405 Executing VM operation: HandshakeAllThreads
Event: 0.405 Executing VM operation: HandshakeAllThreads done
Event: 0.803 Executing VM operation: HandshakeAllThreads
Event: 0.803 Executing VM operation: HandshakeAllThreads done
Event: 0.905 Executing VM operation: HandshakeAllThreads
Event: 0.906 Executing VM operation: HandshakeAllThreads done
Event: 0.931 Executing VM operation: HandshakeAllThreads
Event: 0.931 Executing VM operation: HandshakeAllThreads done
Event: 1.931 Executing VM operation: Cleanup
Event: 1.931 Executing VM operation: Cleanup done
Event: 2.940 Executing VM operation: Cleanup
Event: 2.940 Executing VM operation: Cleanup done
Event: 5.941 Executing VM operation: Cleanup
Event: 5.941 Executing VM operation: Cleanup done
Event: 12.974 Executing VM operation: Cleanup
Event: 12.974 Executing VM operation: Cleanup done
Event: 17.555 Executing VM operation: Exit

Events (20 events):
Event: 0.251 Thread 0x0000022dfb60bd80 Thread added: 0x0000022dfb60bd80
Event: 0.251 Thread 0x0000022dfb60dd60 Thread added: 0x0000022dfb60dd60
Event: 0.417 Thread 0x0000022ddc554f90 Thread added: 0x0000022ddc554f90
Event: 0.419 Thread 0x0000022dd8323ee0 Thread added: 0x0000022dd8323ee0
Event: 0.539 Thread 0x0000022dd8323ee0 Thread exited: 0x0000022dd8323ee0
Event: 0.542 Thread 0x0000022ddc554f90 Thread exited: 0x0000022ddc554f90
Event: 0.764 Thread 0x0000022ddc956450 Thread added: 0x0000022ddc956450
Event: 1.032 Thread 0x0000022ddc956450 Thread exited: 0x0000022ddc956450
Event: 1.368 Thread 0x0000022dfb60ed50 Thread added: 0x0000022dfb60ed50
Event: 1.805 Thread 0x0000022ddcce56f0 Thread added: 0x0000022ddcce56f0
Event: 1.836 Thread 0x0000022dfb60c820 Thread added: 0x0000022dfb60c820
Event: 2.053 Thread 0x0000022dfb60d2c0 Thread added: 0x0000022dfb60d2c0
Event: 2.187 Thread 0x0000022ddcce56f0 Thread exited: 0x0000022ddcce56f0
Event: 17.548 Thread 0x0000022dfb60e2b0 Thread added: 0x0000022dfb60e2b0
Event: 17.549 Thread 0x0000022dea25e790 Thread added: 0x0000022dea25e790
Event: 17.550 Thread 0x0000022dea25c260 Thread added: 0x0000022dea25c260
Event: 17.550 Thread 0x0000022dea25c7b0 Thread added: 0x0000022dea25c7b0
Event: 17.551 Thread 0x0000022dea25c260 Thread exited: 0x0000022dea25c260
Event: 17.553 Thread 0x0000022dea25e790 Thread exited: 0x0000022dea25e790
Event: 17.555 Thread 0x0000022dea25c7b0 Thread exited: 0x0000022dea25c7b0


Dynamic libraries:
0x00007ff6af7d0000 - 0x00007ff6af7de000 	C:\Users\elija\.jdks\openjdk-20.0.2\bin\java.exe
0x00007ffae89b0000 - 0x00007ffae8bc6000 	C:\WINDOWS\SYSTEM32\ntdll.dll
0x00007ffae7210000 - 0x00007ffae72d4000 	C:\WINDOWS\System32\KERNEL32.DLL
0x00007ffae5e40000 - 0x00007ffae61e7000 	C:\WINDOWS\System32\KERNELBASE.dll
0x00007ffae61f0000 - 0x00007ffae6301000 	C:\WINDOWS\System32\ucrtbase.dll
0x00007ffae0240000 - 0x00007ffae0257000 	C:\Users\elija\.jdks\openjdk-20.0.2\bin\jli.dll
0x00007ffadd900000 - 0x00007ffadd91b000 	C:\Users\elija\.jdks\openjdk-20.0.2\bin\VCRUNTIME140.dll
0x00007ffae6b40000 - 0x00007ffae6cee000 	C:\WINDOWS\System32\USER32.dll
0x00007ffae6380000 - 0x00007ffae63a6000 	C:\WINDOWS\System32\win32u.dll
0x00007ffae70f0000 - 0x00007ffae7119000 	C:\WINDOWS\System32\GDI32.dll
0x00007ffae63b0000 - 0x00007ffae64c9000 	C:\WINDOWS\System32\gdi32full.dll
0x00007ffae6640000 - 0x00007ffae66da000 	C:\WINDOWS\System32\msvcp_win.dll
0x00007ffad48f0000 - 0x00007ffad4b83000 	C:\WINDOWS\WinSxS\amd64_microsoft.windows.common-controls_6595b64144ccf1df_6.0.22621.3235_none_270f74e173860f98\COMCTL32.dll
0x00007ffae6860000 - 0x00007ffae6907000 	C:\WINDOWS\System32\msvcrt.dll
0x00007ffae8100000 - 0x00007ffae8131000 	C:\WINDOWS\System32\IMM32.DLL
0x00007ffae2fc0000 - 0x00007ffae2fcc000 	C:\Users\elija\.jdks\openjdk-20.0.2\bin\vcruntime140_1.dll
0x00007ffad0200000 - 0x00007ffad028e000 	C:\Users\elija\.jdks\openjdk-20.0.2\bin\msvcp140.dll
0x00007ffa89c70000 - 0x00007ffa8a908000 	C:\Users\elija\.jdks\openjdk-20.0.2\bin\server\jvm.dll
0x00007ffae8040000 - 0x00007ffae80f2000 	C:\WINDOWS\System32\ADVAPI32.dll
0x00007ffae7d90000 - 0x00007ffae7e38000 	C:\WINDOWS\System32\sechost.dll
0x00007ffae5e10000 - 0x00007ffae5e38000 	C:\WINDOWS\System32\bcrypt.dll
0x00007ffae6a20000 - 0x00007ffae6b35000 	C:\WINDOWS\System32\RPCRT4.dll
0x00007ffac7f00000 - 0x00007ffac7f09000 	C:\WINDOWS\SYSTEM32\WSOCK32.dll
0x00007ffadd6f0000 - 0x00007ffadd724000 	C:\WINDOWS\SYSTEM32\WINMM.dll
0x00007ffadc830000 - 0x00007ffadc83a000 	C:\WINDOWS\SYSTEM32\VERSION.dll
0x00007ffae7190000 - 0x00007ffae7201000 	C:\WINDOWS\System32\WS2_32.dll
0x00007ffae4cd0000 - 0x00007ffae4ce8000 	C:\WINDOWS\SYSTEM32\kernel.appcore.dll
0x00007ffae2f30000 - 0x00007ffae2f3a000 	C:\Users\elija\.jdks\openjdk-20.0.2\bin\jimage.dll
0x00007ffadc940000 - 0x00007ffadcb73000 	C:\WINDOWS\SYSTEM32\DBGHELP.DLL
0x00007ffae8140000 - 0x00007ffae84c8000 	C:\WINDOWS\System32\combase.dll
0x00007ffae6cf0000 - 0x00007ffae6dc7000 	C:\WINDOWS\System32\OLEAUT32.dll
0x00007ffad6f10000 - 0x00007ffad6f42000 	C:\WINDOWS\SYSTEM32\dbgcore.DLL
0x00007ffae5cd0000 - 0x00007ffae5d49000 	C:\WINDOWS\System32\bcryptPrimitives.dll
0x00007ffadd8b0000 - 0x00007ffadd8be000 	C:\Users\elija\.jdks\openjdk-20.0.2\bin\instrument.dll
0x00007ffadd8d0000 - 0x00007ffadd8f6000 	C:\Users\elija\.jdks\openjdk-20.0.2\bin\java.dll
0x00007ffaca840000 - 0x00007ffaca917000 	C:\Users\elija\.jdks\openjdk-20.0.2\bin\jsvml.dll
0x00007ffae7530000 - 0x00007ffae7d8c000 	C:\WINDOWS\System32\SHELL32.dll
0x00007ffae3be0000 - 0x00007ffae44d9000 	C:\WINDOWS\SYSTEM32\windows.storage.dll
0x00007ffae3aa0000 - 0x00007ffae3bde000 	C:\WINDOWS\SYSTEM32\wintypes.dll
0x00007ffae7f40000 - 0x00007ffae8033000 	C:\WINDOWS\System32\SHCORE.dll
0x00007ffae7120000 - 0x00007ffae717e000 	C:\WINDOWS\System32\shlwapi.dll
0x00007ffae5c00000 - 0x00007ffae5c21000 	C:\WINDOWS\SYSTEM32\profapi.dll
0x00007ffad6fe0000 - 0x00007ffad6ff8000 	C:\Users\elija\.jdks\openjdk-20.0.2\bin\zip.dll
0x00007ffadadc0000 - 0x00007ffadadd3000 	C:\Users\elija\.jdks\openjdk-20.0.2\bin\net.dll
0x00007ffadf730000 - 0x00007ffadf866000 	C:\WINDOWS\SYSTEM32\WINHTTP.dll
0x00007ffae5140000 - 0x00007ffae51a9000 	C:\WINDOWS\system32\mswsock.dll
0x00007ffad7000000 - 0x00007ffad7016000 	C:\Users\elija\.jdks\openjdk-20.0.2\bin\nio.dll
0x00007ffad6fc0000 - 0x00007ffad6fda000 	C:\Program Files\JetBrains\IntelliJ IDEA 2023.2.2\bin\breakgen64.dll
0x00007ffadd8a0000 - 0x00007ffadd8a7000 	C:\Users\elija\.jdks\openjdk-20.0.2\bin\extnet.dll
0x00007ffadadb0000 - 0x00007ffadadc0000 	C:\Users\elija\.jdks\openjdk-20.0.2\bin\verify.dll
0x0000000180000000 - 0x0000000180053000 	C:\Users\elija\OneDrive - HTL Dornbirn\4. Schuljahr\Infi\Drohne_Sim\lwjgl64.dll
0x00007ffac9480000 - 0x00007ffac9580000 	C:\WINDOWS\SYSTEM32\OPENGL32.dll
0x00007ffad2b80000 - 0x00007ffad2bad000 	C:\WINDOWS\SYSTEM32\GLU32.dll
0x00007ffae32c0000 - 0x00007ffae32f9000 	C:\WINDOWS\SYSTEM32\dxcore.dll
0x00007ffac13b0000 - 0x00007ffac146c000 	C:\WINDOWS\SYSTEM32\mscms.dll
0x00007ffae6910000 - 0x00007ffae69c0000 	C:\WINDOWS\System32\clbcatq.dll
0x00007ffabf0b0000 - 0x00007ffabf0fe000 	C:\Windows\System32\Windows.Internal.Graphics.Display.DisplayColorManagement.dll
0x00007ffae5940000 - 0x00007ffae598e000 	C:\WINDOWS\SYSTEM32\cfgmgr32.dll
0x00007ffae31a0000 - 0x00007ffae324b000 	C:\WINDOWS\system32\uxtheme.dll
0x00007ffae6f90000 - 0x00007ffae70e3000 	C:\WINDOWS\System32\MSCTF.dll
0x00007ffadff30000 - 0x00007ffadff7a000 	C:\WINDOWS\SYSTEM32\directxdatabasehelper.dll
0x00007ffadcfd0000 - 0x00007ffadd107000 	C:\Windows\System32\AppXDeploymentClient.dll
0x00007ffa803f0000 - 0x00007ffa8150a000 	C:\WINDOWS\System32\DriverStore\FileRepository\iigd_dch.inf_amd64_884878e25316eb06\ig11icd64.dll
0x00007ffae6dd0000 - 0x00007ffae6f75000 	C:\WINDOWS\System32\ole32.dll
0x00007ffae3430000 - 0x00007ffae345b000 	C:\WINDOWS\system32\dwmapi.dll
0x00007ffae3300000 - 0x00007ffae33f8000 	C:\WINDOWS\system32\dxgi.dll
0x00007ffa99ff0000 - 0x00007ffa9a12c000 	C:\WINDOWS\System32\DriverStore\FileRepository\iigd_dch.inf_amd64_884878e25316eb06\igdml64.dll
0x00007ffadb780000 - 0x00007ffadbb89000 	C:\WINDOWS\System32\DriverStore\FileRepository\iigd_dch.inf_amd64_884878e25316eb06\igdgmm64.dll
0x00007ffacfeb0000 - 0x00007ffacfffa000 	C:\WINDOWS\SYSTEM32\textinputframework.dll
0x00007ffad4780000 - 0x00007ffad47e9000 	C:\WINDOWS\system32\Oleacc.dll
0x00007ffad6f50000 - 0x00007ffad6f99000 	C:\WINDOWS\SYSTEM32\icm32.dll
0x00007ffacfe60000 - 0x00007ffacfeab000 	C:\WINDOWS\system32\ApplicationTargetedFeatureDatabase.dll
0x00007ffade7d0000 - 0x00007ffadea5e000 	C:\Windows\System32\twinapi.appcore.dll
0x00007ffad7580000 - 0x00007ffadad14000 	C:\WINDOWS\System32\DriverStore\FileRepository\iigd_dch.inf_amd64_884878e25316eb06\igc64.dll
0x00007ffae5af0000 - 0x00007ffae5b3d000 	C:\WINDOWS\SYSTEM32\powrprof.dll
0x00007ffae59d0000 - 0x00007ffae59e3000 	C:\WINDOWS\SYSTEM32\UMPDC.dll
0x00007ffa8ac40000 - 0x00007ffa8add0000 	C:\Users\elija\.jdks\openjdk-20.0.2\bin\awt.dll
0x00007ffae3010000 - 0x00007ffae30a7000 	C:\WINDOWS\SYSTEM32\apphelp.dll
0x0000022de1830000 - 0x0000022de1846000 	C:\Users\elija\OneDrive - HTL Dornbirn\4. Schuljahr\Infi\Drohne_Sim\jinput-dx8_64.dll
0x00007ffad64e0000 - 0x00007ffad6526000 	C:\WINDOWS\SYSTEM32\DINPUT8.dll
0x00007ffac81d0000 - 0x00007ffac83da000 	C:\WINDOWS\SYSTEM32\inputhost.dll
0x00007ffae2ab0000 - 0x00007ffae2be4000 	C:\WINDOWS\SYSTEM32\CoreMessaging.dll
0x00007ffae5380000 - 0x00007ffae538c000 	C:\WINDOWS\SYSTEM32\CRYPTBASE.DLL
0x00007ffae44e0000 - 0x00007ffae44ee000 	C:\WINDOWS\SYSTEM32\HID.DLL
0x00007ffae84e0000 - 0x00007ffae8954000 	C:\WINDOWS\System32\SETUPAPI.DLL
0x00007ffae5910000 - 0x00007ffae593c000 	C:\WINDOWS\SYSTEM32\DEVOBJ.dll
0x00007ffae6310000 - 0x00007ffae637b000 	C:\WINDOWS\System32\WINTRUST.dll
0x00007ffae64d0000 - 0x00007ffae6637000 	C:\WINDOWS\System32\CRYPT32.dll
0x00007ffae58f0000 - 0x00007ffae5902000 	C:\WINDOWS\SYSTEM32\MSASN1.dll
0x0000022de18b0000 - 0x0000022de18c4000 	C:\Users\elija\OneDrive - HTL Dornbirn\4. Schuljahr\Infi\Drohne_Sim\jinput-raw_64.dll
0x00007ffae5360000 - 0x00007ffae537b000 	C:\WINDOWS\SYSTEM32\CRYPTSP.dll
0x00007ffae4c30000 - 0x00007ffae4c65000 	C:\WINDOWS\system32\rsaenh.dll
0x00007ffae51e0000 - 0x00007ffae5208000 	C:\WINDOWS\SYSTEM32\USERENV.dll
0x00007ffae4740000 - 0x00007ffae476d000 	C:\WINDOWS\SYSTEM32\IPHLPAPI.DLL
0x00007ffae7180000 - 0x00007ffae7189000 	C:\WINDOWS\System32\NSI.dll
0x00007ffadd280000 - 0x00007ffadd299000 	C:\WINDOWS\SYSTEM32\dhcpcsvc6.DLL
0x00007ffadd260000 - 0x00007ffadd27f000 	C:\WINDOWS\SYSTEM32\dhcpcsvc.DLL
0x00007ffae4770000 - 0x00007ffae4869000 	C:\WINDOWS\SYSTEM32\DNSAPI.dll
0x00007ffad66d0000 - 0x00007ffad66fe000 	C:\Users\elija\.jdks\openjdk-20.0.2\bin\javajpeg.dll

dbghelp: loaded successfully - version: 4.0.5 - missing functions: none
symbol engine: initialized successfully - sym options: 0x614 - pdb path: .;C:\Users\elija\.jdks\openjdk-20.0.2\bin;C:\WINDOWS\SYSTEM32;C:\WINDOWS\WinSxS\amd64_microsoft.windows.common-controls_6595b64144ccf1df_6.0.22621.3235_none_270f74e173860f98;C:\Users\elija\.jdks\openjdk-20.0.2\bin\server;C:\Program Files\JetBrains\IntelliJ IDEA 2023.2.2\bin;C:\Users\elija\OneDrive - HTL Dornbirn\4. Schuljahr\Infi\Drohne_Sim;C:\WINDOWS\System32\DriverStore\FileRepository\iigd_dch.inf_amd64_884878e25316eb06

VM Arguments:
jvm_args: -javaagent:C:\Program Files\JetBrains\IntelliJ IDEA 2023.2.2\lib\idea_rt.jar=61558:C:\Program Files\JetBrains\IntelliJ IDEA 2023.2.2\bin -Dfile.encoding=UTF-8 -Dsun.stdout.encoding=UTF-8 -Dsun.stderr.encoding=UTF-8 
java_command: ENNL.Main
java_class_path (initial): C:\Users\elija\OneDrive - HTL Dornbirn\4. Schuljahr\Infi\Drohne_Sim\out\production\slickLeer;C:\Users\elija\OneDrive - HTL Dornbirn\4. Schuljahr\Infi\Drohne_Sim\lib\ibxm.jar;C:\Users\elija\OneDrive - HTL Dornbirn\4. Schuljahr\Infi\Drohne_Sim\lib\jnlp.jar;C:\Users\elija\OneDrive - HTL Dornbirn\4. Schuljahr\Infi\Drohne_Sim\lib\lwjgl.jar;C:\Users\elija\OneDrive - HTL Dornbirn\4. Schuljahr\Infi\Drohne_Sim\lib\slick.jar;C:\Users\elija\OneDrive - HTL Dornbirn\4. Schuljahr\Infi\Drohne_Sim\lib\jinput.jar;C:\Users\elija\OneDrive - HTL Dornbirn\4. Schuljahr\Infi\Drohne_Sim\lib\jogg-0.0.7.jar;C:\Users\elija\OneDrive - HTL Dornbirn\4. Schuljahr\Infi\Drohne_Sim\lib\lwjgl_util.jar;C:\Users\elija\OneDrive - HTL Dornbirn\4. Schuljahr\Infi\Drohne_Sim\lib\tinylinepp.jar;C:\Users\elija\OneDrive - HTL Dornbirn\4. Schuljahr\Infi\Drohne_Sim\lib\natives-mac.jar;C:\Users\elija\OneDrive - HTL Dornbirn\4. Schuljahr\Infi\Drohne_Sim\lib\jorbis-0.0.15.jar;C:\Users\elija\OneDrive - HTL Dornbirn\4. Schuljahr\Infi\Drohne_Sim\lib\natives-linux.jar;C:\Users\elija\OneDrive - HTL Dornbirn\4. Schuljahr\Infi\Drohne_Sim\lib\slick-examples.jar;C:\Users\elija\OneDrive - HTL Dornbirn\4. Schuljahr\Infi\Drohne_Sim\lib\natives-windows.jar;C:\Users\elija\OneDrive - HTL Dornbirn\4. Schuljahr\Infi\Drohne_Sim\lib\lwjgl_util_applet.jar
Launcher Type: SUN_STANDARD

[Global flags]
     intx CICompilerCount                          = 4                                         {product} {ergonomic}
     uint ConcGCThreads                            = 2                                         {product} {ergonomic}
     uint G1ConcRefinementThreads                  = 8                                         {product} {ergonomic}
   size_t G1HeapRegionSize                         = 4194304                                   {product} {ergonomic}
    uintx GCDrainStackTargetSize                   = 64                                        {product} {ergonomic}
   size_t InitialHeapSize                          = 532676608                                 {product} {ergonomic}
   size_t MarkStackSize                            = 4194304                                   {product} {ergonomic}
   size_t MaxHeapSize                              = 8485076992                                {product} {ergonomic}
   size_t MaxNewSize                               = 5087690752                                {product} {ergonomic}
   size_t MinHeapDeltaBytes                        = 4194304                                   {product} {ergonomic}
   size_t MinHeapSize                              = 8388608                                   {product} {ergonomic}
    uintx NonNMethodCodeHeapSize                   = 5839372                                {pd product} {ergonomic}
    uintx NonProfiledCodeHeapSize                  = 122909434                              {pd product} {ergonomic}
    uintx ProfiledCodeHeapSize                     = 122909434                              {pd product} {ergonomic}
    uintx ReservedCodeCacheSize                    = 251658240                              {pd product} {ergonomic}
     bool SegmentedCodeCache                       = true                                      {product} {ergonomic}
   size_t SoftMaxHeapSize                          = 8485076992                             {manageable} {ergonomic}
     bool UseCompressedClassPointers               = true                           {product lp64_product} {ergonomic}
     bool UseCompressedOops                        = true                           {product lp64_product} {ergonomic}
     bool UseG1GC                                  = true                                      {product} {ergonomic}
     bool UseLargePagesIndividualAllocation        = false                                  {pd product} {ergonomic}

Logging:
Log output configuration:
 #0: stdout all=off uptime,level,tags foldmultilines=false
 #1: stderr all=off uptime,level,tags foldmultilines=false

Environment Variables:
PATH=C:\Program Files (x86)\Common Files\Intel\Shared Libraries\redist\intel64\compiler;C:\Program Files (x86)\Common Files\Oracle\Java\javapath;C:\WINDOWS\system32;C:\WINDOWS;C:\WINDOWS\System32\Wbem;C:\WINDOWS\System32\WindowsPowerShell\v1.0\;C:\WINDOWS\System32\OpenSSH\;C:\Program Files\NVIDIA Corporation\NVIDIA NvDLISR;C:\Program Files (x86)\NVIDIA Corporation\PhysX\Common;C:\Program Files\Microsoft SQL Server\120\Tools\Binn\;C:\WINDOWS\system32;C:\WINDOWS;C:\WINDOWS\System32\Wbem;C:\WINDOWS\System32\WindowsPowerShell\v1.0\;C:\WINDOWS\System32\OpenSSH\;C:\Program Files\dotnet\;C:\Program Files\Git\cmd;C:\Users\elija\AppData\Local\Microsoft\WindowsApps;;C:\Users\elija\AppData\Local\Programs\Microsoft VS Code\bin
USERNAME=elija
OS=Windows_NT
PROCESSOR_IDENTIFIER=Intel64 Family 6 Model 126 Stepping 5, GenuineIntel
TMP=C:\Users\elija\AppData\Local\Temp
TEMP=C:\Users\elija\AppData\Local\Temp




---------------  S Y S T E M  ---------------

OS:
 Windows 11 , 64 bit Build 22621 (10.0.22621.3374)
OS uptime: 6 days 21:54 hours
Hyper-V role detected

CPU: total 8 (initial active 8) (4 cores per cpu, 2 threads per core) family 6 model 126 stepping 5 microcode 0xbc, cx8, cmov, fxsr, ht, mmx, 3dnowpref, sse, sse2, sse3, ssse3, sse4.1, sse4.2, popcnt, lzcnt, tsc, tscinvbit, avx, avx2, aes, erms, clmul, bmi1, bmi2, adx, avx512f, avx512dq, avx512cd, avx512bw, avx512vl, sha, fma, vzeroupper, avx512_vpopcntdq, avx512_vpclmulqdq, avx512_vaes, avx512_vnni, clflush, clflushopt, avx512_vbmi2, avx512_vbmi, hv, rdtscp, rdpid, fsrm, gfni, avx512_bitalg, f16c, avx512_ifma

Memory: 4k page, system-wide physical 32354M (18866M free)
TotalPageFile size 34402M (AvailPageFile size 19972M)
current process WorkingSet (physical memory assigned to process): 195M, peak: 217M
current process commit charge ("private bytes"): 682M, peak: 704M

vm_info: OpenJDK 64-Bit Server VM (20.0.2+9-78) for windows-amd64 JRE (20.0.2+9-78), built on 2023-06-14T10:08:48Z by "mach5one" with MS VC++ 17.1 (VS2022)

END.
